<?xml version="1.0" encoding="UTF-8"?>
<!-- Generated by org.testng.reporters.JUnitReportReporter -->
<testsuite skipped="0" hostname="UBQDT00096" name="salesTestCases.Tc_Sales_002_BillCreationAndVerification" tests="2" failures="0" timestamp="22 Oct 2020 14:55:08 GMT" time="53.737" errors="0">
  <testcase name="StockVerification" time="10.378" classname="salesTestCases.Tc_Sales_002_BillCreationAndVerification"/>
  <testcase name="BillCreation" time="43.359" classname="salesTestCases.Tc_Sales_002_BillCreationAndVerification"/>
</testsuite> <!-- salesTestCases.Tc_Sales_002_BillCreationAndVerification -->
