<?xml version="1.0" encoding="UTF-8"?>
<!-- Generated by org.testng.reporters.JUnitReportReporter -->
<testsuite skipped="0" hostname="UBQDT00096" name="Main_Tests.Tc_Sales_001_OrderEntryCreationAndVerification" tests="1" failures="0" timestamp="09 Oct 2020 12:45:28 GMT" time="53.894" errors="0">
  <testcase name="OrderCreationAndVerification" time="53.894" classname="Main_Tests.Tc_Sales_001_OrderEntryCreationAndVerification"/>
</testsuite> <!-- Main_Tests.Tc_Sales_001_OrderEntryCreationAndVerification -->
