<?xml version="1.0" encoding="UTF-8"?>
<!-- Generated by org.testng.reporters.JUnitReportReporter -->
<testsuite skipped="0" hostname="UBQDT00096" name="Main_Tests.AddRetailerTectCase" tests="1" failures="0" timestamp="13 Oct 2020 13:12:20 GMT" time="164.710" errors="0">
  <testcase name="AddRetailerVerification" time="164.710" classname="Main_Tests.AddRetailerTectCase"/>
</testsuite> <!-- Main_Tests.AddRetailerTectCase -->
