<?xml version="1.0" encoding="UTF-8"?>
<!-- Generated by org.testng.reporters.JUnitReportReporter -->
<testsuite skipped="0" hostname="UBQDT00096" name="StockTestCases.Tc_01_StockVerificationTestCase" tests="1" failures="0" timestamp="22 Oct 2020 13:51:12 GMT" time="25.246" errors="0">
  <testcase name="verificationOfStockItems" time="25.246" classname="StockTestCases.Tc_01_StockVerificationTestCase"/>
</testsuite> <!-- StockTestCases.Tc_01_StockVerificationTestCase -->
